<?xml version="1.0" encoding="UTF-8"?>
<!-- Generated by org.testng.reporters.JUnitReportReporter -->
<testsuite skipped="0" hostname="DESKTOP-SNHNI7P" name="RunCukesTest" tests="2" failures="0" timestamp="2022-01-11T18:46:15 ART" time="20.832" errors="0">
  <testcase name="runScenario" time="9.314" classname="RunCukesTest"/>
  <system-out/>
  <testcase name="runScenario" time="11.518" classname="RunCukesTest"/>
  <system-out/>
</testsuite> <!-- RunCukesTest -->
